Peter Morphose Logfile vom 12.10.2005.
Kommandozeile: "D:\Eigene Dateien\Projekte\Peter Morphose\PeterM.exe" 


Spiel gestartet. Version: Final.

Level "10 verschiedene Wege" geladen.
Thema des Levels: Ritter
Spieler als Peter bei 288, 24515 platziert.
Es ist 18:08:47.
Level abgebrochen.

Level "Gemütlicher Aufstieg" geladen.
Thema des Levels: Ritter
Spieler als Peter bei 508, 24419 platziert.
Es ist 18:09:26.
Gewonnen!
Es ist 18:11:37.
Übrige Lebensenergie (je Punkt 5 Punkte):              15
Übrige Schlüssel (je Schlüssel 25 Punkte):             0
Übrige Sterne (je Sterne 3 Punkte):                    50
Übrige Munition (je Schuss 2 Punkte):                  23
Übrige Bomben (je Bombe 5 Punkte):                     0
Übrige Lava-Einfrierzeit (pro Bild 1 Punkt):           0 Bilder
Abstand zur Lava bei Spielende (pro Pixel 0.1 Punkte): 920 Pixel
Gesamtpunktestand:                                     849 Punkte!
Level beendet.

Level "10 verschiedene Wege" geladen.
Thema des Levels: Ritter
Spieler als Peter bei 288, 24515 platziert.
Es ist 18:11:47.
Level abgebrochen.

Level "Der Alkohol und seine Folgen" geladen.
Thema des Levels: Ritter
Tile 04 überladen.
Tile 0D überladen.
Tile 0E überladen.
Tile 8F überladen.
Tile B0 überladen.
Tile B1 überladen.
Tile BC überladen.
Tile BD überladen.
Tile E8 überladen.
Tile E9 überladen.
Tile EA überladen.
Tile EB überladen.
Tile F4 überladen.
Spieler als Peter bei 132, 24419 platziert.
Es ist 18:12:25.
Spieler gestorben.

Level "Der Alkohol und seine Folgen" geladen.
Thema des Levels: Ritter
Tile 04 überladen.
Tile 0D überladen.
Tile 0E überladen.
Tile 8F überladen.
Tile B0 überladen.
Tile B1 überladen.
Tile BC überladen.
Tile BD überladen.
Tile E8 überladen.
Tile E9 überladen.
Tile EA überladen.
Tile EB überladen.
Tile F4 überladen.
Spieler als Peter bei 132, 24419 platziert.
Es ist 18:13:25.
Spieler gestorben.

Level "Der Alkohol und seine Folgen" geladen.
Thema des Levels: Ritter
Tile 04 überladen.
Tile 0D überladen.
Tile 0E überladen.
Tile 8F überladen.
Tile B0 überladen.
Tile B1 überladen.
Tile BC überladen.
Tile BD überladen.
Tile E8 überladen.
Tile E9 überladen.
Tile EA überladen.
Tile EB überladen.
Tile F4 überladen.
Spieler als Peter bei 132, 24419 platziert.
Es ist 18:13:54.
Level abgebrochen.

Level "Die zwei Bäume" geladen.
Thema des Levels: Ritter
Tile 0E überladen.
Tile 0F überladen.
Tile 32 überladen.
Tile 33 überladen.
Tile 8B überladen.
Tile 8C überladen.
Tile 8D überladen.
Tile EF überladen.
Tile FA überladen.
Tile FD überladen.
Spieler als Peter bei 468, 24515 platziert.
Es ist 18:14:33.
Spieler gestorben.

Level "Die zwei Bäume" geladen.
Thema des Levels: Ritter
Tile 0E überladen.
Tile 0F überladen.
Tile 32 überladen.
Tile 33 überladen.
Tile 8B überladen.
Tile 8C überladen.
Tile 8D überladen.
Tile EF überladen.
Tile FA überladen.
Tile FD überladen.
Spieler als Peter bei 468, 24515 platziert.
Es ist 18:14:53.
Spieler gestorben.

Level "Heimweg zu Henk" geladen.
Thema des Levels: Ritter
Tile 14 überladen.
Tile 19 überladen.
Tile EB überladen.
Spieler als Peter bei 555, 24419 platziert.
Es ist 18:16:25.
Spieler gestorben.

Level "Heimweg zu Henk" geladen.
Thema des Levels: Ritter
Tile 14 überladen.
Tile 19 überladen.
Tile EB überladen.
Spieler als Peter bei 555, 24419 platziert.
Es ist 18:17:44.
Spieler gestorben.

Level "Auf dem Mars" geladen.
Thema des Levels: Ritter
Tile 01 überladen.
Tile 02 überladen.
Tile 03 überladen.
Tile 04 überladen.
Tile 5C überladen.
Tile 6E überladen.
Tile 6F überladen.
Tile 70 überladen.
Tile 71 überladen.
Tile 72 überladen.
Tile 73 überladen.
Tile 74 überladen.
Tile 75 überladen.
Tile 76 überladen.
Tile 77 überladen.
Tile 78 überladen.
Tile 79 überladen.
Tile 7A überladen.
Tile 7B überladen.
Tile 7C überladen.
Tile 7D überladen.
Tile 7F überladen.
Tile 8E überladen.
Tile 8F überladen.
Tile 9D überladen.
Tile C6 überladen.
Tile C9 überladen.
Tile CB überladen.
Tile CD überladen.
Tile CE überladen.
Tile D7 überladen.
Tile D8 überladen.
Tile DA überladen.
Tile DF überladen.
Tile E0 überladen.
Tile E2 überladen.
Tile E3 überladen.
Tile E4 überladen.
Tile E5 überladen.
Tile E6 überladen.
Tile E7 überladen.
Tile E8 überladen.
Tile E9 überladen.
Tile EA überladen.
Tile EB überladen.
Tile ED überladen.
Tile EE überladen.
Tile EF überladen.
Tile F4 überladen.
Tile F6 überladen.
Tile F7 überladen.
Tile F8 überladen.
Tile F9 überladen.
Tile FA überladen.
Tile FB überladen.
Tile FC überladen.
Tile FE überladen.
Spieler als Peter bei 347, 24515 platziert.
Es ist 18:20:36.
Spieler gestorben.

Spiel beendet.
